<?xml version="1.0" encoding="UTF-8"?>
<!-- Generated by org.testng.reporters.JUnitReportReporter -->
<testsuite hostname="Pushp" name="demopackage.Drop" tests="1" failures="0" timestamp="21 Aug 2018 10:57:13 GMT" time="34.407" errors="0">
  <testcase name="Dropdown" time="34.407" classname="demopackage.Drop"/>
</testsuite> <!-- demopackage.Drop -->
