<?xml version="1.0" encoding="UTF-8"?>
<!-- Generated by org.testng.reporters.JUnitReportReporter -->
<testsuite hostname="Pushp" name="demopackage.FirstClass" tests="1" failures="0" timestamp="13 Aug 2018 12:21:13 GMT" time="0.007" errors="0">
  <testcase name="f" time="0.007" classname="demopackage.FirstClass"/>
</testsuite> <!-- demopackage.FirstClass -->
